[    33.068] (--) Log file renamed from "/home/qso/.local/share/xorg/Xorg.pid-632.log" to "/home/qso/.local/share/xorg/Xorg.0.log"
[    33.068] 
X.Org X Server 1.19.2
Release Date: 2017-03-02
[    33.069] X Protocol Version 11, Revision 0
[    33.069] Build Operating System: Linux 4.9.0-8-amd64 x86_64 Debian
[    33.069] Current Operating System: Linux debian 4.9.0-9-amd64 #1 SMP Debian 4.9.168-1+deb9u2 (2019-05-13) x86_64
[    33.069] Kernel command line: BOOT_IMAGE=/boot/vmlinuz-4.9.0-9-amd64 root=UUID=d25eb395-6155-48c5-8246-cad0ec4158b0 ro quiet
[    33.069] Build Date: 03 November 2018  03:09:11AM
[    33.069] xorg-server 2:1.19.2-1+deb9u5 (https://www.debian.org/support) 
[    33.069] Current version of pixman: 0.34.0
[    33.069] 	Before reporting problems, check http://wiki.x.org
	to make sure that you have the latest version.
[    33.069] Markers: (--) probed, (**) from config file, (==) default setting,
	(++) from command line, (!!) notice, (II) informational,
	(WW) warning, (EE) error, (NI) not implemented, (??) unknown.
[    33.069] (==) Log file: "/home/qso/.local/share/xorg/Xorg.0.log", Time: Fri May 31 10:43:46 2019
[    33.136] (==) Using system config directory "/usr/share/X11/xorg.conf.d"
[    33.161] (==) No Layout section.  Using the first Screen section.
[    33.161] (==) No screen section available. Using defaults.
[    33.161] (**) |-->Screen "Default Screen Section" (0)
[    33.161] (**) |   |-->Monitor "<default monitor>"
[    33.163] (==) No monitor specified for screen "Default Screen Section".
	Using a default monitor configuration.
[    33.163] (==) Automatically adding devices
[    33.163] (==) Automatically enabling devices
[    33.163] (==) Automatically adding GPU devices
[    33.163] (==) Max clients allowed: 256, resource mask: 0x1fffff
[    33.163] (WW) The directory "/usr/share/fonts/X11/cyrillic" does not exist.
[    33.163] 	Entry deleted from font path.
[    33.163] (==) FontPath set to:
	/usr/share/fonts/X11/misc,
	/usr/share/fonts/X11/100dpi/:unscaled,
	/usr/share/fonts/X11/75dpi/:unscaled,
	/usr/share/fonts/X11/Type1,
	/usr/share/fonts/X11/100dpi,
	/usr/share/fonts/X11/75dpi,
	built-ins
[    33.163] (==) ModulePath set to "/usr/lib/xorg/modules"
[    33.163] (II) The server relies on udev to provide the list of input devices.
	If no devices become available, reconfigure udev or disable AutoAddDevices.
[    33.163] (II) Loader magic: 0x55a5313f7e00
[    33.163] (II) Module ABI versions:
[    33.163] 	X.Org ANSI C Emulation: 0.4
[    33.163] 	X.Org Video Driver: 23.0
[    33.163] 	X.Org XInput driver : 24.1
[    33.163] 	X.Org Server Extension : 10.0
[    33.167] (++) using VT number 2

[    33.189] (II) systemd-logind: took control of session /org/freedesktop/login1/session/_32
[    33.194] (II) xfree86: Adding drm device (/dev/dri/card0)
[    33.212] (II) systemd-logind: got fd for /dev/dri/card0 226:0 fd 12 paused 0
[    33.252] (--) PCI:*(0:0:2:0) 15ad:0405:15ad:0405 rev 0, Mem @ 0xf0000000/16777216, 0xf1000000/2097152, I/O @ 0x0000d010/16, BIOS @ 0x????????/131072
[    33.252] (II) LoadModule: "glx"
[    33.278] (II) Loading /usr/lib/xorg/modules/extensions/libglx.so
[    33.289] (II) Module glx: vendor="X.Org Foundation"
[    33.289] 	compiled for 1.19.2, module version = 1.0.0
[    33.289] 	ABI class: X.Org Server Extension, version 10.0
[    33.289] (==) Matched vmware as autoconfigured driver 0
[    33.289] (==) Matched vmware as autoconfigured driver 1
[    33.289] (==) Matched modesetting as autoconfigured driver 2
[    33.289] (==) Matched fbdev as autoconfigured driver 3
[    33.289] (==) Matched vesa as autoconfigured driver 4
[    33.289] (==) Assigned the driver to the xf86ConfigLayout
[    33.289] (II) LoadModule: "vmware"
[    33.289] (II) Loading /usr/lib/xorg/modules/drivers/vmware_drv.so
[    33.373] (II) Module vmware: vendor="X.Org Foundation"
[    33.373] 	compiled for 1.19.0, module version = 13.2.1
[    33.375] 	Module class: X.Org Video Driver
[    33.375] 	ABI class: X.Org Video Driver, version 23.0
[    33.375] (II) LoadModule: "modesetting"
[    33.378] (II) Loading /usr/lib/xorg/modules/drivers/modesetting_drv.so
[    33.383] (II) Module modesetting: vendor="X.Org Foundation"
[    33.383] 	compiled for 1.19.2, module version = 1.19.2
[    33.383] 	Module class: X.Org Video Driver
[    33.383] 	ABI class: X.Org Video Driver, version 23.0
[    33.383] (II) LoadModule: "fbdev"
[    33.383] (II) Loading /usr/lib/xorg/modules/drivers/fbdev_drv.so
[    33.385] (II) Module fbdev: vendor="X.Org Foundation"
[    33.385] 	compiled for 1.19.0, module version = 0.4.4
[    33.386] 	Module class: X.Org Video Driver
[    33.386] 	ABI class: X.Org Video Driver, version 23.0
[    33.386] (II) LoadModule: "vesa"
[    33.386] (II) Loading /usr/lib/xorg/modules/drivers/vesa_drv.so
[    33.388] (II) Module vesa: vendor="X.Org Foundation"
[    33.388] 	compiled for 1.19.0, module version = 2.3.4
[    33.388] 	Module class: X.Org Video Driver
[    33.388] 	ABI class: X.Org Video Driver, version 23.0
[    33.388] (II) vmware: driver for VMware SVGA: vmware0405, vmware0710
[    33.388] (II) modesetting: Driver for Modesetting Kernel Drivers: kms
[    33.388] (II) FBDEV: driver for framebuffer: fbdev
[    33.389] (II) VESA: driver for VESA chipsets: vesa
[    33.389] xf86EnableIOPorts: failed to set IOPL for I/O (Operation not permitted)
[    33.389] (WW) Falling back to old probe method for modesetting
[    33.389] (WW) Falling back to old probe method for fbdev
[    33.389] (II) Loading sub module "fbdevhw"
[    33.389] (II) LoadModule: "fbdevhw"
[    33.390] (II) Loading /usr/lib/xorg/modules/libfbdevhw.so
[    33.392] (II) Module fbdevhw: vendor="X.Org Foundation"
[    33.392] 	compiled for 1.19.2, module version = 0.0.2
[    33.392] 	ABI class: X.Org Video Driver, version 23.0
[    33.392] (WW) Falling back to old probe method for vesa
[    33.392] (WW) VGA arbiter: cannot open kernel arbiter, no multi-card support
[    33.392] (II) vmware(0): Creating default Display subsection in Screen section
	"Default Screen Section" for depth/fbbpp 24/32
[    33.392] (--) vmware(0): DRM driver version is 2.12.0
[    33.392] (==) vmware(0): Depth 24, (--) framebuffer bpp 32
[    33.392] (==) vmware(0): RGB weight 888
[    33.394] (==) vmware(0): Default visual is TrueColor
[    33.395] (--) vmware(0): Min width 1, Max Width 8192.
[    33.395] (--) vmware(0): Min height 1, Max Height 8192.
[    33.395] (II) vmware(0): Output Virtual1 has no monitor section
[    33.395] (II) vmware(0): Output Virtual2 has no monitor section
[    33.395] (II) vmware(0): Output Virtual3 has no monitor section
[    33.395] (II) vmware(0): Output Virtual4 has no monitor section
[    33.396] (II) vmware(0): Output Virtual5 has no monitor section
[    33.396] (II) vmware(0): Output Virtual6 has no monitor section
[    33.397] (II) vmware(0): Output Virtual7 has no monitor section
[    33.397] (II) vmware(0): Output Virtual8 has no monitor section
[    33.397] (II) vmware(0): Printing probed modes for output Virtual1
[    33.397] (II) vmware(0): Modeline "800x600"x60.0   42.75  800 850 900 950  600 650 700 750 -hsync +vsync (45.0 kHz eP)
[    33.397] (II) vmware(0): Modeline "2560x1600"x60.0  348.50  2560 2752 3032 3504  1600 1603 1609 1658 -hsync +vsync (99.5 kHz e)
[    33.397] (II) vmware(0): Modeline "1920x1440"x60.0  234.00  1920 2048 2256 2600  1440 1441 1444 1500 -hsync +vsync (90.0 kHz e)
[    33.397] (II) vmware(0): Modeline "1856x1392"x60.0  218.25  1856 1952 2176 2528  1392 1393 1396 1439 -hsync +vsync (86.3 kHz e)
[    33.397] (II) vmware(0): Modeline "1792x1344"x60.0  204.75  1792 1920 2120 2448  1344 1345 1348 1394 -hsync +vsync (83.6 kHz e)
[    33.397] (II) vmware(0): Modeline "1920x1200"x59.9  193.25  1920 2056 2256 2592  1200 1203 1209 1245 -hsync +vsync (74.6 kHz e)
[    33.397] (II) vmware(0): Modeline "1600x1200"x60.0  162.00  1600 1664 1856 2160  1200 1201 1204 1250 +hsync +vsync (75.0 kHz e)
[    33.397] (II) vmware(0): Modeline "1680x1050"x60.0  146.25  1680 1784 1960 2240  1050 1053 1059 1089 -hsync +vsync (65.3 kHz e)
[    33.397] (II) vmware(0): Modeline "1400x1050"x60.0  121.75  1400 1488 1632 1864  1050 1053 1057 1089 -hsync +vsync (65.3 kHz e)
[    33.397] (II) vmware(0): Modeline "1280x1024"x60.0  108.00  1280 1328 1440 1688  1024 1025 1028 1066 +hsync +vsync (64.0 kHz e)
[    33.397] (II) vmware(0): Modeline "1440x900"x59.9  106.50  1440 1520 1672 1904  900 903 909 934 -hsync +vsync (55.9 kHz e)
[    33.397] (II) vmware(0): Modeline "1280x960"x60.0  108.00  1280 1376 1488 1800  960 961 964 1000 +hsync +vsync (60.0 kHz e)
[    33.397] (II) vmware(0): Modeline "1360x768"x60.0   85.50  1360 1424 1536 1792  768 771 777 795 +hsync +vsync (47.7 kHz e)
[    33.397] (II) vmware(0): Modeline "1280x800"x59.8   83.50  1280 1352 1480 1680  800 803 809 831 +hsync -vsync (49.7 kHz e)
[    33.397] (II) vmware(0): Modeline "1152x864"x75.0  108.00  1152 1216 1344 1600  864 865 868 900 +hsync +vsync (67.5 kHz e)
[    33.398] (II) vmware(0): Modeline "1280x768"x59.9   79.50  1280 1344 1472 1664  768 771 778 798 -hsync +vsync (47.8 kHz e)
[    33.398] (II) vmware(0): Modeline "1024x768"x60.0   65.00  1024 1048 1184 1344  768 771 777 806 -hsync -vsync (48.4 kHz e)
[    33.398] (II) vmware(0): Modeline "800x600"x60.3   40.00  800 840 968 1056  600 601 605 628 +hsync +vsync (37.9 kHz e)
[    33.398] (II) vmware(0): Modeline "640x480"x59.9   25.18  640 656 752 800  480 489 492 525 -hsync -vsync (31.5 kHz e)
[    33.398] (II) vmware(0): EDID for output Virtual2
[    33.398] (II) vmware(0): EDID for output Virtual3
[    33.398] (II) vmware(0): EDID for output Virtual4
[    33.398] (II) vmware(0): EDID for output Virtual5
[    33.398] (II) vmware(0): EDID for output Virtual6
[    33.398] (II) vmware(0): EDID for output Virtual7
[    33.398] (II) vmware(0): EDID for output Virtual8
[    33.398] (II) vmware(0): Output Virtual1 connected
[    33.398] (II) vmware(0): Output Virtual2 disconnected
[    33.398] (II) vmware(0): Output Virtual3 disconnected
[    33.398] (II) vmware(0): Output Virtual4 disconnected
[    33.398] (II) vmware(0): Output Virtual5 disconnected
[    33.399] (II) vmware(0): Output Virtual6 disconnected
[    33.399] (II) vmware(0): Output Virtual7 disconnected
[    33.399] (II) vmware(0): Output Virtual8 disconnected
[    33.399] (II) vmware(0): Using exact sizes for initial modes
[    33.399] (II) vmware(0): Output Virtual1 using initial mode 800x600 +0+0
[    33.399] (==) vmware(0): DPI set to (96, 96)
[    33.399] (==) vmware(0): Using gamma correction (1.0, 1.0, 1.0)
[    33.399] (II) Loading sub module "fb"
[    33.399] (II) LoadModule: "fb"
[    33.399] (II) Loading /usr/lib/xorg/modules/libfb.so
[    33.407] (II) Module fb: vendor="X.Org Foundation"
[    33.407] 	compiled for 1.19.2, module version = 1.0.0
[    33.407] 	ABI class: X.Org ANSI C Emulation, version 0.4
[    33.407] (II) Loading sub module "dri2"
[    33.407] (II) LoadModule: "dri2"
[    33.407] (II) Module "dri2" already built-in
[    33.407] (II) UnloadModule: "modesetting"
[    33.407] (II) Unloading modesetting
[    33.407] (II) UnloadModule: "fbdev"
[    33.408] (II) Unloading fbdev
[    33.408] (II) UnloadSubModule: "fbdevhw"
[    33.408] (II) Unloading fbdevhw
[    33.408] (II) UnloadModule: "vesa"
[    33.408] (II) Unloading vesa
[    33.408] (==) Depth 24 pixmap format is 32 bpp
[    33.412] (II) vmware(0): Initialized VMWARE_CTRL extension version 0.2
[    33.422] (WW) vmware(0): Failed to initialize Gallium3D Xa. No render acceleration available.
[    33.422] (WW) vmware(0): Skipped initialization of direct rendering due to lack of render acceleration.
[    33.422] (--) vmware(0): Render acceleration is disabled.
[    33.422] (==) vmware(0): Rendercheck mode is disabled.
[    33.422] (--) vmware(0): Direct rendering (3D) is disabled.
[    33.422] (==) vmware(0): Backing store enabled
[    33.423] (==) vmware(0): Silken mouse enabled
[    33.423] (II) vmware(0): RandR 1.2 enabled, ignore the following RandR disabled message.
[    33.426] (==) vmware(0): DPMS enabled
[    33.426] (II) vmware(0): No 3D acceleration. Not setting up textured video.
[    33.426] (WW) vmware(0): Disabling Xv because no adaptors could be initialized.
[    33.426] (--) RandR disabled
[    33.440] (II) SELinux: Disabled on system
[    33.447] (II) AIGLX: Screen 0 is not DRI2 capable
[    33.447] (EE) AIGLX: reverting to software rendering
[    33.452] (II) IGLX: enabled GLX_MESA_copy_sub_buffer
[    33.458] (II) IGLX: Loaded and initialized swrast
[    33.458] (II) GLX: Initialized DRISWRAST GL provider for screen 0
[    33.472] (II) vmware(0): Setting screen physical size to 211 x 158
[    33.611] (II) config/udev: Adding input device Power Button (/dev/input/event2)
[    33.611] (**) Power Button: Applying InputClass "libinput keyboard catchall"
[    33.611] (II) LoadModule: "libinput"
[    33.612] (II) Loading /usr/lib/xorg/modules/input/libinput_drv.so
[    33.628] (II) Module libinput: vendor="X.Org Foundation"
[    33.628] 	compiled for 1.19.0, module version = 0.23.0
[    33.629] 	Module class: X.Org XInput Driver
[    33.629] 	ABI class: X.Org XInput driver, version 24.1
[    33.630] (II) Using input driver 'libinput' for 'Power Button'
[    33.631] (II) systemd-logind: got fd for /dev/input/event2 13:66 fd 20 paused 0
[    33.631] (**) Power Button: always reports core events
[    33.631] (**) Option "Device" "/dev/input/event2"
[    33.631] (**) Option "_source" "server/udev"
[    33.632] (II) input device 'Power Button', /dev/input/event2 is tagged by udev as: Keyboard
[    33.632] (II) input device 'Power Button', /dev/input/event2 is a keyboard
[    33.632] (**) Option "config_info" "udev:/sys/devices/LNXSYSTM:00/LNXPWRBN:00/input/input3/event2"
[    33.633] (II) XINPUT: Adding extended input device "Power Button" (type: KEYBOARD, id 6)
[    33.633] (**) Option "xkb_model" "pc105"
[    33.633] (**) Option "xkb_layout" "us,ru"
[    33.633] (**) Option "xkb_variant" ","
[    33.633] (**) Option "xkb_options" "grp:alt_shift_toggle,grp_led:scroll"
[    33.655] (II) input device 'Power Button', /dev/input/event2 is tagged by udev as: Keyboard
[    33.655] (II) input device 'Power Button', /dev/input/event2 is a keyboard
[    33.655] (II) config/udev: Adding input device Sleep Button (/dev/input/event3)
[    33.655] (**) Sleep Button: Applying InputClass "libinput keyboard catchall"
[    33.655] (II) Using input driver 'libinput' for 'Sleep Button'
[    33.657] (II) systemd-logind: got fd for /dev/input/event3 13:67 fd 23 paused 0
[    33.657] (**) Sleep Button: always reports core events
[    33.657] (**) Option "Device" "/dev/input/event3"
[    33.657] (**) Option "_source" "server/udev"
[    33.658] (II) input device 'Sleep Button', /dev/input/event3 is tagged by udev as: Keyboard
[    33.658] (II) input device 'Sleep Button', /dev/input/event3 is a keyboard
[    33.658] (**) Option "config_info" "udev:/sys/devices/LNXSYSTM:00/LNXSLPBN:00/input/input4/event3"
[    33.658] (II) XINPUT: Adding extended input device "Sleep Button" (type: KEYBOARD, id 7)
[    33.658] (**) Option "xkb_model" "pc105"
[    33.658] (**) Option "xkb_layout" "us,ru"
[    33.658] (**) Option "xkb_variant" ","
[    33.658] (**) Option "xkb_options" "grp:alt_shift_toggle,grp_led:scroll"
[    33.658] (II) input device 'Sleep Button', /dev/input/event3 is tagged by udev as: Keyboard
[    33.658] (II) input device 'Sleep Button', /dev/input/event3 is a keyboard
[    33.659] (II) config/udev: Adding input device Video Bus (/dev/input/event4)
[    33.659] (**) Video Bus: Applying InputClass "libinput keyboard catchall"
[    33.659] (II) Using input driver 'libinput' for 'Video Bus'
[    33.661] (II) systemd-logind: got fd for /dev/input/event4 13:68 fd 24 paused 0
[    33.661] (**) Video Bus: always reports core events
[    33.661] (**) Option "Device" "/dev/input/event4"
[    33.661] (**) Option "_source" "server/udev"
[    33.662] (II) input device 'Video Bus', /dev/input/event4 is tagged by udev as: Keyboard
[    33.662] (II) input device 'Video Bus', /dev/input/event4 is a keyboard
[    33.662] (**) Option "config_info" "udev:/sys/devices/LNXSYSTM:00/LNXSYBUS:00/PNP0A03:00/LNXVIDEO:00/input/input5/event4"
[    33.662] (II) XINPUT: Adding extended input device "Video Bus" (type: KEYBOARD, id 8)
[    33.662] (**) Option "xkb_model" "pc105"
[    33.662] (**) Option "xkb_layout" "us,ru"
[    33.662] (**) Option "xkb_variant" ","
[    33.662] (**) Option "xkb_options" "grp:alt_shift_toggle,grp_led:scroll"
[    33.662] (II) input device 'Video Bus', /dev/input/event4 is tagged by udev as: Keyboard
[    33.662] (II) input device 'Video Bus', /dev/input/event4 is a keyboard
[    33.663] (II) config/udev: Adding input device VirtualBox USB Tablet (/dev/input/event6)
[    33.663] (**) VirtualBox USB Tablet: Applying InputClass "libinput pointer catchall"
[    33.663] (II) Using input driver 'libinput' for 'VirtualBox USB Tablet'
[    33.724] (II) systemd-logind: got fd for /dev/input/event6 13:70 fd 25 paused 0
[    33.724] (**) VirtualBox USB Tablet: always reports core events
[    33.724] (**) Option "Device" "/dev/input/event6"
[    33.724] (**) Option "_source" "server/udev"
[    33.726] (II) input device 'VirtualBox USB Tablet', /dev/input/event6 is tagged by udev as: Mouse
[    33.726] (II) input device 'VirtualBox USB Tablet', /dev/input/event6 is a pointer caps
[    33.726] (**) Option "config_info" "udev:/sys/devices/pci0000:00/0000:00:06.0/usb1/1-1/1-1:1.0/0003:80EE:0021.0001/input/input7/event6"
[    33.726] (II) XINPUT: Adding extended input device "VirtualBox USB Tablet" (type: MOUSE, id 9)
[    33.726] (**) Option "AccelerationScheme" "none"
[    33.727] (**) VirtualBox USB Tablet: (accel) selected scheme none/0
[    33.727] (**) VirtualBox USB Tablet: (accel) acceleration factor: 2.000
[    33.727] (**) VirtualBox USB Tablet: (accel) acceleration threshold: 4
[    33.729] (II) input device 'VirtualBox USB Tablet', /dev/input/event6 is tagged by udev as: Mouse
[    33.729] (II) input device 'VirtualBox USB Tablet', /dev/input/event6 is a pointer caps
[    33.731] (II) config/udev: Adding input device VirtualBox USB Tablet (/dev/input/js0)
[    33.731] (II) No input driver specified, ignoring this device.
[    33.731] (II) This device may have been added with another device file.
[    33.735] (II) config/udev: Adding input device VirtualBox USB Tablet (/dev/input/mouse1)
[    33.735] (II) No input driver specified, ignoring this device.
[    33.735] (II) This device may have been added with another device file.
[    33.738] (II) config/udev: Adding input device AT Translated Set 2 keyboard (/dev/input/event0)
[    33.738] (**) AT Translated Set 2 keyboard: Applying InputClass "libinput keyboard catchall"
[    33.738] (II) Using input driver 'libinput' for 'AT Translated Set 2 keyboard'
[    33.740] (II) systemd-logind: got fd for /dev/input/event0 13:64 fd 26 paused 0
[    33.740] (**) AT Translated Set 2 keyboard: always reports core events
[    33.740] (**) Option "Device" "/dev/input/event0"
[    33.740] (**) Option "_source" "server/udev"
[    33.741] (II) input device 'AT Translated Set 2 keyboard', /dev/input/event0 is tagged by udev as: Keyboard
[    33.741] (II) input device 'AT Translated Set 2 keyboard', /dev/input/event0 is a keyboard
[    33.741] (**) Option "config_info" "udev:/sys/devices/platform/i8042/serio0/input/input0/event0"
[    33.741] (II) XINPUT: Adding extended input device "AT Translated Set 2 keyboard" (type: KEYBOARD, id 10)
[    33.741] (**) Option "xkb_model" "pc105"
[    33.741] (**) Option "xkb_layout" "us,ru"
[    33.741] (**) Option "xkb_variant" ","
[    33.741] (**) Option "xkb_options" "grp:alt_shift_toggle,grp_led:scroll"
[    33.743] (II) input device 'AT Translated Set 2 keyboard', /dev/input/event0 is tagged by udev as: Keyboard
[    33.743] (II) input device 'AT Translated Set 2 keyboard', /dev/input/event0 is a keyboard
[    33.748] (II) config/udev: Adding input device ImExPS/2 Generic Explorer Mouse (/dev/input/event1)
[    33.748] (**) ImExPS/2 Generic Explorer Mouse: Applying InputClass "libinput pointer catchall"
[    33.748] (II) Using input driver 'libinput' for 'ImExPS/2 Generic Explorer Mouse'
[    33.751] (II) systemd-logind: got fd for /dev/input/event1 13:65 fd 27 paused 0
[    33.751] (**) ImExPS/2 Generic Explorer Mouse: always reports core events
[    33.751] (**) Option "Device" "/dev/input/event1"
[    33.751] (**) Option "_source" "server/udev"
[    33.753] (II) input device 'ImExPS/2 Generic Explorer Mouse', /dev/input/event1 is tagged by udev as: Mouse
[    33.753] (II) input device 'ImExPS/2 Generic Explorer Mouse', /dev/input/event1 is a pointer caps
[    33.753] (**) Option "config_info" "udev:/sys/devices/platform/i8042/serio1/input/input2/event1"
[    33.753] (II) XINPUT: Adding extended input device "ImExPS/2 Generic Explorer Mouse" (type: MOUSE, id 11)
[    33.753] (**) Option "AccelerationScheme" "none"
[    33.753] (**) ImExPS/2 Generic Explorer Mouse: (accel) selected scheme none/0
[    33.753] (**) ImExPS/2 Generic Explorer Mouse: (accel) acceleration factor: 2.000
[    33.753] (**) ImExPS/2 Generic Explorer Mouse: (accel) acceleration threshold: 4
[    33.754] (II) input device 'ImExPS/2 Generic Explorer Mouse', /dev/input/event1 is tagged by udev as: Mouse
[    33.754] (II) input device 'ImExPS/2 Generic Explorer Mouse', /dev/input/event1 is a pointer caps
[    33.755] (II) config/udev: Adding input device ImExPS/2 Generic Explorer Mouse (/dev/input/mouse0)
[    33.755] (II) No input driver specified, ignoring this device.
[    33.755] (II) This device may have been added with another device file.
[    33.761] (II) config/udev: Adding input device PC Speaker (/dev/input/event5)
[    33.761] (II) No input driver specified, ignoring this device.
[    33.761] (II) This device may have been added with another device file.
